{"name":"Runs Cucumber Scenarios","status":"skipped","statusDetails":{"known":false,"muted":false,"flaky":false,"message":"java.lang.IllegalArgumentException: Not a file or directory: /Users/smukherjee/Documents/Demo/Demo1/src/test/resources/features","trace":"java.lang.RuntimeException: java.lang.IllegalArgumentException: Not a file or directory: /Users/smukherjee/Documents/Demo/Demo1/src/test/resources/features\n\tat org.testng.internal.MethodInvocationHelper.invokeMethodNoCheckedException(MethodInvocationHelper.java:49)\n\tat org.testng.internal.MethodInvocationHelper.invokeDataProvider(MethodInvocationHelper.java:131)\n\tat org.testng.internal.Parameters.handleParameters(Parameters.java:706)\n\tat org.testng.internal.ParameterHandler.handleParameters(ParameterHandler.java:49)\n\tat org.testng.internal.ParameterHandler.createParameters(ParameterHandler.java:37)\n\tat org.testng.internal.Invoker.invokeTestMethods(Invoker.java:924)\n\tat org.testng.internal.TestMethodWorker.invokeTestMethods(TestMethodWorker.java:125)\n\tat org.testng.internal.TestMethodWorker.run(TestMethodWorker.java:109)\n\tat org.testng.TestRunner.privateRun(TestRunner.java:648)\n\tat org.testng.TestRunner.run(TestRunner.java:505)\n\tat org.testng.SuiteRunner.runTest(SuiteRunner.java:455)\n\tat org.testng.SuiteRunner.runSequentially(SuiteRunner.java:450)\n\tat org.testng.SuiteRunner.privateRun(SuiteRunner.java:415)\n\tat org.testng.SuiteRunner.run(SuiteRunner.java:364)\n\tat org.testng.SuiteRunnerWorker.runSuite(SuiteRunnerWorker.java:52)\n\tat org.testng.SuiteRunnerWorker.run(SuiteRunnerWorker.java:84)\n\tat org.testng.TestNG.runSuitesSequentially(TestNG.java:1208)\n\tat org.testng.TestNG.runSuitesLocally(TestNG.java:1137)\n\tat org.testng.TestNG.runSuites(TestNG.java:1049)\n\tat org.testng.TestNG.run(TestNG.java:1017)\n\tat org.apache.maven.surefire.testng.TestNGExecutor.run(TestNGExecutor.java:135)\n\tat org.apache.maven.surefire.testng.TestNGDirectoryTestSuite.executeSingleClass(TestNGDirectoryTestSuite.java:112)\n\tat org.apache.maven.surefire.testng.TestNGDirectoryTestSuite.execute(TestNGDirectoryTestSuite.java:99)\n\tat org.apache.maven.surefire.testng.TestNGProvider.invoke(TestNGProvider.java:146)\n\tat org.apache.maven.surefire.booter.ForkedBooter.runSuitesInProcess(ForkedBooter.java:377)\n\tat org.apache.maven.surefire.booter.ForkedBooter.execute(ForkedBooter.java:138)\n\tat org.apache.maven.surefire.booter.ForkedBooter.run(ForkedBooter.java:465)\n\tat org.apache.maven.surefire.booter.ForkedBooter.main(ForkedBooter.java:451)\nCaused by: java.lang.IllegalArgumentException: Not a file or directory: /Users/smukherjee/Documents/Demo/Demo1/src/test/resources/features\n\tat cucumber.runtime.io.FileResourceIterator$FileIterator.<init>(FileResourceIterator.java:63)\n\tat cucumber.runtime.io.FileResourceIterator.<init>(FileResourceIterator.java:28)\n\tat cucumber.runtime.io.FileResourceIterator.createFileResourceIterator(FileResourceIterator.java:14)\n\tat cucumber.runtime.io.FileResourceIterable.iterator(FileResourceIterable.java:19)\n\tat cucumber.runtime.model.FeatureLoader.loadFromFeaturePath(FeatureLoader.java:31)\n\tat cucumber.runtime.model.FeatureLoader.load(FeatureLoader.java:23)\n\tat cucumber.runtime.FeaturePathFeatureSupplier.get(FeaturePathFeatureSupplier.java:33)\n\tat io.cucumber.testng.TestNGCucumberRunner.getFeatures(TestNGCucumberRunner.java:116)\n\tat io.cucumber.testng.TestNGCucumberRunner.provideScenarios(TestNGCucumberRunner.java:98)\n\tat cucumber.api.testng.TestNGCucumberRunner.provideScenarios(TestNGCucumberRunner.java:32)\n\tat cucumber.api.testng.AbstractTestNGCucumberTests.scenarios(AbstractTestNGCucumberTests.java:40)\n\tat test.java.runner.AbstractTestNGCucumberParallelTests.scenarios(AbstractTestNGCucumberParallelTests.java:14)\n\tat java.base/jdk.internal.reflect.NativeMethodAccessorImpl.invoke0(Native Method)\n\tat java.base/jdk.internal.reflect.NativeMethodAccessorImpl.invoke(NativeMethodAccessorImpl.java:62)\n\tat java.base/jdk.internal.reflect.DelegatingMethodAccessorImpl.invoke(DelegatingMethodAccessorImpl.java:43)\n\tat java.base/java.lang.reflect.Method.invoke(Method.java:564)\n\tat org.testng.internal.MethodInvocationHelper.invokeMethod(MethodInvocationHelper.java:124)\n\tat org.testng.internal.MethodInvocationHelper.invokeMethod(MethodInvocationHelper.java:74)\n\tat org.testng.internal.MethodInvocationHelper.invokeMethodNoCheckedException(MethodInvocationHelper.java:45)\n\t... 27 more\n"},"stage":"finished","steps":[],"attachments":[],"parameters":[],"start":1626538125428,"stop":1626538125432,"uuid":"b9f66845-cfb3-48d0-8b1c-49e39658680f","historyId":"db39ca68c4b26065cc2d4cc92c0983d3","fullName":"cucumber.api.testng.AbstractTestNGCucumberTests.runScenario","labels":[{"name":"package","value":"test.java.runner.RunnerIT"},{"name":"testClass","value":"test.java.runner.RunnerIT"},{"name":"testMethod","value":"runScenario"},{"name":"parentSuite","value":"Surefire suite"},{"name":"suite","value":"Surefire test"},{"name":"subSuite","value":"test.java.runner.RunnerIT"},{"name":"host","value":"FVFY7177HV22"},{"name":"thread","value":"84359@FVFY7177HV22.main(1)"},{"name":"framework","value":"testng"},{"name":"language","value":"java"}],"links":[]}